<?xml version="1.0" encoding="utf-8"?><testsuites name="pytest tests"><testsuite name="pytest" errors="0" failures="0" skipped="0" tests="11" time="3.682" timestamp="2026-04-16T01:50:03.582979+00:00" hostname="agent-env-67cf80ac-7443-488e-a2b8-1af7679aab37"><testcase classname="backend.tests.test_pwa_and_api.TestHealthAndPWA" name="test_health_check" time="0.271" /><testcase classname="backend.tests.test_pwa_and_api.TestHealthAndPWA" name="test_manifest_json_accessible" time="0.193" /><testcase classname="backend.tests.test_pwa_and_api.TestHealthAndPWA" name="test_manifest_icons_exist" time="1.216" /><testcase classname="backend.tests.test_pwa_and_api.TestProductsAPI" name="test_get_products" time="0.144" /><testcase classname="backend.tests.test_pwa_and_api.TestProductsAPI" name="test_get_single_product" time="0.298" /><testcase classname="backend.tests.test_pwa_and_api.TestProductsAPI" name="test_get_nonexistent_product" time="0.135" /><testcase classname="backend.tests.test_pwa_and_api.TestPhoneBrandsModelsAPI" name="test_get_phone_brands" time="0.147" /><testcase classname="backend.tests.test_pwa_and_api.TestPhoneBrandsModelsAPI" name="test_get_phone_models" time="0.143" /><testcase classname="backend.tests.test_pwa_and_api.TestPhoneBrandsModelsAPI" name="test_get_phone_models_by_brand" time="0.246" /><testcase classname="backend.tests.test_pwa_and_api.TestOrderTrackingAPI" name="test_track_nonexistent_order" time="0.147" /><testcase classname="backend.tests.test_pwa_and_api.TestSeedData" name="test_seed_data" time="0.637" /></testsuite></testsuites>