<?xml version="1.0" encoding="utf-8"?><testsuites name="pytest tests"><testsuite name="pytest" errors="0" failures="0" skipped="0" tests="30" time="4.172" timestamp="2026-04-16T02:45:35.637305+00:00" hostname="agent-env-67cf80ac-7443-488e-a2b8-1af7679aab37"><testcase classname="backend.tests.test_new_features.TestHealthAndBasics" name="test_health_endpoint" time="0.231" /><testcase classname="backend.tests.test_new_features.TestHealthAndBasics" name="test_seed_extras_endpoint" time="0.191" /><testcase classname="backend.tests.test_new_features.TestTemplatesAPI" name="test_get_templates_returns_list" time="0.112" /><testcase classname="backend.tests.test_new_features.TestTemplatesAPI" name="test_templates_have_required_fields" time="0.116" /><testcase classname="backend.tests.test_new_features.TestTemplatesAPI" name="test_templates_filter_by_category_abstracto" time="0.167" /><testcase classname="backend.tests.test_new_features.TestTemplatesAPI" name="test_templates_filter_by_category_naturaleza" time="0.125" /><testcase classname="backend.tests.test_new_features.TestTemplatesAPI" name="test_templates_filter_by_category_mascotas" time="0.125" /><testcase classname="backend.tests.test_new_features.TestTemplatesAPI" name="test_templates_create_requires_auth" time="0.165" /><testcase classname="backend.tests.test_new_features.TestTemplatesAPI" name="test_templates_update_requires_auth" time="0.131" /><testcase classname="backend.tests.test_new_features.TestTemplatesAPI" name="test_templates_delete_requires_auth" time="0.122" /><testcase classname="backend.tests.test_new_features.TestCouponsAPI" name="test_coupons_list_requires_auth" time="0.159" /><testcase classname="backend.tests.test_new_features.TestCouponsAPI" name="test_validate_coupon_bienvenido10" time="0.180" /><testcase classname="backend.tests.test_new_features.TestCouponsAPI" name="test_validate_coupon_primera20_with_min_purchase" time="0.155" /><testcase classname="backend.tests.test_new_features.TestCouponsAPI" name="test_validate_coupon_primera20_below_minimum" time="0.116" /><testcase classname="backend.tests.test_new_features.TestCouponsAPI" name="test_validate_coupon_descuento50_fixed" time="0.168" /><testcase classname="backend.tests.test_new_features.TestCouponsAPI" name="test_validate_coupon_descuento50_below_minimum" time="0.115" /><testcase classname="backend.tests.test_new_features.TestCouponsAPI" name="test_validate_invalid_coupon" time="0.114" /><testcase classname="backend.tests.test_new_features.TestCouponsAPI" name="test_coupons_create_requires_auth" time="0.163" /><testcase classname="backend.tests.test_new_features.TestReviewsAPI" name="test_get_reviews_public" time="0.108" /><testcase classname="backend.tests.test_new_features.TestReviewsAPI" name="test_get_reviews_with_limit" time="0.113" /><testcase classname="backend.tests.test_new_features.TestReviewsAPI" name="test_get_review_stats_public" time="0.104" /><testcase classname="backend.tests.test_new_features.TestReviewsAPI" name="test_create_review_requires_auth" time="0.125" /><testcase classname="backend.tests.test_new_features.TestReviewsAPI" name="test_delete_review_requires_auth" time="0.114" /><testcase classname="backend.tests.test_new_features.TestSavedDesignsAPI" name="test_get_designs_requires_auth" time="0.121" /><testcase classname="backend.tests.test_new_features.TestSavedDesignsAPI" name="test_create_design_requires_auth" time="0.142" /><testcase classname="backend.tests.test_new_features.TestSavedDesignsAPI" name="test_delete_design_requires_auth" time="0.099" /><testcase classname="backend.tests.test_new_features.TestExistingAPIs" name="test_products_endpoint" time="0.126" /><testcase classname="backend.tests.test_new_features.TestExistingAPIs" name="test_phone_brands_endpoint" time="0.112" /><testcase classname="backend.tests.test_new_features.TestExistingAPIs" name="test_phone_models_endpoint" time="0.110" /><testcase classname="backend.tests.test_new_features.TestExistingAPIs" name="test_auth_me_requires_auth" time="0.102" /></testsuite></testsuites>